\BOOKMARK [0][-]{section*.1}{\376\377\000H\000a\000l\000l\000g\000a\000t\000\363\000i\000\040\000n\000y\000i\000l\000a\000t\000k\000o\000z\000a\000t}{}% 1
\BOOKMARK [0][-]{section*.2}{\376\377\000T\000a\000r\000t\000a\000l\000o\000m\000j\000e\000g\000y\000z\000\351\000k}{}% 2
\BOOKMARK [0][-]{chapter.1}{\376\377\0001\000\040\000K\000\366\000v\000e\000t\000e\000l\000m\000\351\000n\000y\000s\000p\000e\000c\000i\000f\000i\000k\000\341\000c\000i\000\363}{}% 3
\BOOKMARK [1][-]{section.1.1}{\376\377\0001\000.\0001\000\040\000D\000e\000f\000i\000n\000\355\000c\000i\000\363\000k}{chapter.1}% 4
\BOOKMARK [2][-]{subsection.1.1.1}{\376\377\0001\000.\0001\000.\0001\000\040\000F\000e\000l\000h\000a\000s\000z\000n\000\341\000l\000\363}{section.1.1}% 5
\BOOKMARK [2][-]{subsection.1.1.2}{\376\377\0001\000.\0001\000.\0002\000\040\000\334\000g\000y\000f\000\351\000l}{section.1.1}% 6
\BOOKMARK [2][-]{subsection.1.1.3}{\376\377\0001\000.\0001\000.\0003\000\040\000T\001\121\000z\000s\000d\000e\000i\000\040\000i\000n\000s\000t\000r\000u\000m\000e\000n\000t\000u\000m}{section.1.1}% 7
\BOOKMARK [2][-]{subsection.1.1.4}{\376\377\0001\000.\0001\000.\0004\000\040\000S\000z\000\341\000m\000l\000a}{section.1.1}% 8
\BOOKMARK [2][-]{subsection.1.1.5}{\376\377\0001\000.\0001\000.\0005\000\040\000E\000g\000y\000e\000n\000l\000e\000g}{section.1.1}% 9
\BOOKMARK [2][-]{subsection.1.1.6}{\376\377\0001\000.\0001\000.\0006\000\040\000M\000e\000g\000b\000\355\000z\000\341\000s}{section.1.1}% 10
\BOOKMARK [2][-]{subsection.1.1.7}{\376\377\0001\000.\0001\000.\0007\000\040\000\334\000g\000y\000l\000e\000t}{section.1.1}% 11
\BOOKMARK [2][-]{subsection.1.1.8}{\376\377\0001\000.\0001\000.\0008\000\040\000B\000r\000\363\000k\000e\000r}{section.1.1}% 12
\BOOKMARK [2][-]{subsection.1.1.9}{\376\377\0001\000.\0001\000.\0009\000\040\000A\000d\000m\000i\000n\000i\000s\000z\000t\000r\000\341\000t\000o\000r}{section.1.1}% 13
\BOOKMARK [1][-]{section.1.2}{\376\377\0001\000.\0002\000\040\000F\000e\000l\000h\000a\000s\000z\000n\000\341\000l\000\363\000i\000\040\000s\000z\000e\000r\000e\000p\000k\000\366\000r\000\366\000k}{chapter.1}% 14
\BOOKMARK [2][-]{subsection.1.2.1}{\376\377\0001\000.\0002\000.\0001\000\040\000\334\000g\000y\000f\000\351\000l}{section.1.2}% 15
\BOOKMARK [2][-]{subsection.1.2.2}{\376\377\0001\000.\0002\000.\0002\000\040\000B\000r\000\363\000k\000e\000r}{section.1.2}% 16
\BOOKMARK [2][-]{subsection.1.2.3}{\376\377\0001\000.\0002\000.\0003\000\040\000A\000d\000m\000i\000n\000i\000s\000z\000t\000r\000\341\000t\000o\000r}{section.1.2}% 17
\BOOKMARK [1][-]{section.1.3}{\376\377\0001\000.\0003\000\040\000L\000e\000g\000g\000y\000a\000k\000o\000r\000i\000b\000b\000\040\000f\000e\000l\000h\000a\000s\000z\000n\000\341\000l\000\363\000i\000\040\000e\000s\000e\000t\000e\000k}{chapter.1}% 18
\BOOKMARK [2][-]{subsection.1.3.1}{\376\377\0001\000.\0003\000.\0001\000\040\000R\000e\000g\000i\000s\000z\000t\000r\000\341\000c\000i\000\363\000\040\000k\000\351\000r\000e\000l\000m\000e}{section.1.3}% 19
\BOOKMARK [2][-]{subsection.1.3.2}{\376\377\0001\000.\0003\000.\0002\000\040\000M\000e\000g\000b\000\355\000z\000\341\000s\000\040\000a\000d\000\341\000s\000a}{section.1.3}% 20
\BOOKMARK [2][-]{subsection.1.3.3}{\376\377\0001\000.\0003\000.\0003\000\040\000M\000e\000g\000b\000\355\000z\000\341\000s\000\040\000v\000i\000s\000s\000z\000a\000v\000o\000n\000\341\000s\000a}{section.1.3}% 21
\BOOKMARK [2][-]{subsection.1.3.4}{\376\377\0001\000.\0003\000.\0004\000\040\000\334\000g\000y\000f\000\351\000l\000\040\000m\000e\000g\000b\000\355\000z\000\341\000s\000a\000i\000n\000a\000k\000\040\000l\000i\000s\000t\000\341\000z\000\341\000s\000a}{section.1.3}% 22
\BOOKMARK [2][-]{subsection.1.3.5}{\376\377\0001\000.\0003\000.\0005\000\040\000\334\000g\000y\000f\000\351\000l\000\040\000\374\000g\000y\000l\000e\000t\000e\000i\000n\000e\000k\000\040\000h\000i\000s\000t\000o\000r\000i\000k\000u\000s\000\040\000l\000i\000s\000t\000\341\000z\000\341\000s\000a}{section.1.3}% 23
\BOOKMARK [1][-]{section.1.4}{\376\377\0001\000.\0004\000\040\000F\000u\000n\000k\000c\000i\000\363\000k}{chapter.1}% 24
\BOOKMARK [2][-]{subsection.1.4.1}{\376\377\0001\000.\0004\000.\0001\000\040\000R\000e\000g\000i\000s\000z\000t\000r\000\341\000c\000i\000\363\000\040\000k\000\351\000r\000e\000l\000m\000e}{section.1.4}% 25
\BOOKMARK [2][-]{subsection.1.4.2}{\376\377\0001\000.\0004\000.\0002\000\040\000F\000e\000l\000h\000a\000s\000z\000n\000\341\000l\000\363\000\040\000r\000e\000g\000i\000s\000z\000t\000r\000\341\000c\000i\000\363\000j\000a}{section.1.4}% 26
\BOOKMARK [2][-]{subsection.1.4.3}{\376\377\0001\000.\0004\000.\0003\000\040\000F\000e\000l\000h\000a\000s\000z\000n\000\341\000l\000\363\000\040\000k\000i\000n\000e\000v\000e\000z\000\351\000s\000e}{section.1.4}% 27
\BOOKMARK [2][-]{subsection.1.4.4}{\376\377\0001\000.\0004\000.\0004\000\040\000F\000e\000l\000h\000a\000s\000z\000n\000\341\000l\000\363\000\040\000d\000e\000a\000k\000t\000i\000v\000\341\000l\000\341\000s\000a}{section.1.4}% 28
\BOOKMARK [2][-]{subsection.1.4.5}{\376\377\0001\000.\0004\000.\0005\000\040\000\334\000g\000y\000f\000\351\000l\000\040\000s\000z\000\341\000m\000l\000a\000\040\000l\000\351\000t\000r\000e\000h\000o\000z\000\341\000s\000a}{section.1.4}% 29
\BOOKMARK [2][-]{subsection.1.4.6}{\376\377\0001\000.\0004\000.\0006\000\040\000\334\000g\000y\000f\000\351\000l\000\040\000s\000z\000\341\000m\000l\000a\000\040\000m\000\363\000d\000o\000s\000\355\000t\000\341\000s\000a}{section.1.4}% 30
\BOOKMARK [2][-]{subsection.1.4.7}{\376\377\0001\000.\0004\000.\0007\000\040\000\334\000g\000y\000f\000\351\000l\000\040\000s\000z\000\341\000m\000l\000a\000\040\000t\000\366\000r\000l\000\351\000s\000e}{section.1.4}% 31
\BOOKMARK [2][-]{subsection.1.4.8}{\376\377\0001\000.\0004\000.\0008\000\040\000M\000e\000g\000b\000\355\000z\000\341\000s\000\040\000a\000d\000\341\000s\000a}{section.1.4}% 32
\BOOKMARK [2][-]{subsection.1.4.9}{\376\377\0001\000.\0004\000.\0009\000\040\000M\000e\000g\000b\000\355\000z\000\341\000s\000\040\000m\000\363\000d\000o\000s\000\355\000t\000\341\000s\000a}{section.1.4}% 33
\BOOKMARK [2][-]{subsection.1.4.10}{\376\377\0001\000.\0004\000.\0001\0000\000\040\000M\000e\000g\000b\000\355\000z\000\341\000s\000\040\000v\000i\000s\000s\000z\000a\000v\000o\000n\000\341\000s\000a}{section.1.4}% 34
\BOOKMARK [2][-]{subsection.1.4.11}{\376\377\0001\000.\0004\000.\0001\0001\000\040\000\334\000g\000y\000f\000\351\000l\000\040\000\374\000g\000y\000l\000e\000t\000e\000i\000n\000e\000k\000\040\000h\000i\000s\000t\000o\000r\000i\000k\000u\000s\000\040\000l\000i\000s\000t\000\341\000z\000\341\000s\000a}{section.1.4}% 35
\BOOKMARK [2][-]{subsection.1.4.12}{\376\377\0001\000.\0004\000.\0001\0002\000\040\000\334\000g\000y\000f\000\351\000l\000\040\000s\000z\000\341\000m\000l\000\341\000i\000n\000a\000k\000\040\000m\000e\000g\000t\000e\000k\000i\000n\000t\000\351\000s\000e}{section.1.4}% 36
\BOOKMARK [2][-]{subsection.1.4.13}{\376\377\0001\000.\0004\000.\0001\0003\000\040\000\334\000g\000y\000f\000\351\000l\000\040\000s\000z\000\341\000m\000l\000a\000e\000g\000y\000e\000n\000l\000e\000g\000\351\000n\000e\000k\000\040\000m\000e\000g\000t\000e\000k\000i\000n\000t\000\351\000s\000e}{section.1.4}% 37
\BOOKMARK [2][-]{subsection.1.4.14}{\376\377\0001\000.\0004\000.\0001\0004\000\040\000\334\000g\000y\000f\000\351\000l\000\040\000\351\000l\001\121\000\040\000m\000e\000g\000b\000\355\000z\000\341\000s\000a\000i\000n\000a\000k\000\040\000m\000e\000g\000t\000e\000k\000i\000n\000t\000\351\000s\000e}{section.1.4}% 38
\BOOKMARK [2][-]{subsection.1.4.15}{\376\377\0001\000.\0004\000.\0001\0005\000\040\000\334\000g\000y\000f\000\351\000l\000\040\000i\000n\000a\000k\000t\000\355\000v\000\040\000m\000e\000g\000b\000\355\000z\000\341\000s\000a\000i\000n\000a\000k\000\040\000m\000e\000g\000t\000e\000k\000i\000n\000t\000\351\000s\000e}{section.1.4}% 39
\BOOKMARK [1][-]{section.1.5}{\376\377\0001\000.\0005\000\040\000F\000e\000l\000h\000a\000s\000z\000n\000\341\000l\000\363\000i\000\040\000i\000n\000t\000e\000r\000f\000\351\000s\000z\000\040\000t\000e\000r\000v\000e\000k}{chapter.1}% 40
\BOOKMARK [2][-]{subsection.1.5.1}{\376\377\0001\000.\0005\000.\0001\000\040\000R\000e\000g\000i\000s\000z\000t\000r\000\341\000c\000i\000\363}{section.1.5}% 41
\BOOKMARK [2][-]{subsection.1.5.2}{\376\377\0001\000.\0005\000.\0002\000\040\000B\000e\000j\000e\000l\000e\000n\000t\000k\000e\000z\000\351\000s}{section.1.5}% 42
\BOOKMARK [2][-]{subsection.1.5.3}{\376\377\0001\000.\0005\000.\0003\000\040\000F\000e\000l\000h\000a\000s\000z\000n\000\341\000l\000\363\000k\000\040\000m\000e\000n\000e\000d\000z\000s\000e\000l\000\351\000s\000e}{section.1.5}% 43
\BOOKMARK [2][-]{subsection.1.5.4}{\376\377\0001\000.\0005\000.\0004\000\040\000\334\000g\000y\000f\000\351\000l\000\040\000k\000e\000z\000d\001\121\000l\000a\000p\000j\000a}{section.1.5}% 44
\BOOKMARK [2][-]{subsection.1.5.5}{\376\377\0001\000.\0005\000.\0005\000\040\000\334\000g\000y\000f\000\351\000l\000\040\000s\000z\000\341\000m\000l\000\341\000i}{section.1.5}% 45
\BOOKMARK [2][-]{subsection.1.5.6}{\376\377\0001\000.\0005\000.\0006\000\040\000\334\000g\000y\000f\000\351\000l\000\040\000m\000e\000g\000b\000\355\000z\000\341\000s\000a\000i}{section.1.5}% 46
\BOOKMARK [2][-]{subsection.1.5.7}{\376\377\0001\000.\0005\000.\0007\000\040\000\334\000g\000y\000f\000\351\000l\000\040\000\374\000g\000y\000l\000e\000t\000e\000i}{section.1.5}% 47
\BOOKMARK [1][-]{section.1.6}{\376\377\0001\000.\0006\000\040\000B\000i\000z\000t\000o\000n\000s\000\341\000g\000i\000\040\000k\000\366\000v\000e\000t\000e\000l\000m\000\351\000n\000y\000e\000k}{chapter.1}% 48
\BOOKMARK [2][-]{subsection.1.6.1}{\376\377\0001\000.\0006\000.\0001\000\040\000A\000u\000t\000h\000e\000n\000t\000i\000k\000\341\000c\000i\000\363}{section.1.6}% 49
\BOOKMARK [2][-]{subsection.1.6.2}{\376\377\0001\000.\0006\000.\0002\000\040\000A\000u\000t\000h\000o\000r\000i\000z\000\341\000c\000i\000\363}{section.1.6}% 50
\BOOKMARK [2][-]{subsection.1.6.3}{\376\377\0001\000.\0006\000.\0003\000\040\000B\000e\000v\000i\000t\000e\000l\000i\000\040\000m\000e\000z\001\121\000k\000\040\000v\000\351\000d\000e\000l\000m\000e}{section.1.6}% 51
006\000.\0003\000\040\000B\000e\000v\000i\000t\000e\000l\000i\000\040\000m\000e\000z\001\121\000k\000\040\000v\000\351\000d\000e\000l\000m\000e}{section.1.6}% 52
\BOOKMARK [2][-]{subsection.1.6.4}{\376\377\0001\000.\0006\000.\0004\000\040\000B\000i\000z\000t\000o\000n\000s\000\341\000g\000o\000s\000\040\000k\000o\000m\000m\000u\000n\000i\000k\000\341\000c\000i\000\363}{section.1.6}% 53
\BOOKMARK [1][-]{section.1.7}{\376\377\0001\000.\0007\000\040\000T\000e\000r\000v\000e\000z\000e\000t\000t\000\040\000a\000r\000c\000h\000i\000t\000e\000k\000t\000\372\000r\000a}{chapter.1}% 54
